<?xml version="1.0" encoding="UTF-8"?>
<!-- Generated by org.testng.reporters.JUnitReportReporter -->
<testsuite hostname="DESKTOP-Q15J7MR" failures="0" tests="1" name="TestCase.SamityNibondhonPage1Test" time="41.228" errors="0" timestamp="2024-02-13T11:09:45 BDT" skipped="0">
  <testcase classname="TestCase.SamityNibondhonPage1Test" name="logged" time="41.228"/>
  <system-out/>
</testsuite> <!-- TestCase.SamityNibondhonPage1Test -->
