<?xml version="1.0" encoding="UTF-8"?>
<!-- Generated by org.testng.reporters.JUnitReportReporter -->
<testsuite hostname="DESKTOP-Q15J7MR" failures="0" tests="1" name="TestCase.NineStepMemberCreation" time="391.943" errors="0" timestamp="2024-03-27T10:00:34 BDT" skipped="0">
  <testcase classname="TestCase.NineStepMemberCreation" name="UpToAddMember" time="391.943"/>
  <system-out/>
</testsuite> <!-- TestCase.NineStepMemberCreation -->
