<?xml version="1.0" encoding="UTF-8"?>
<!-- Generated by org.testng.reporters.JUnitReportReporter -->
<testsuite hostname="DESKTOP-Q15J7MR" failures="0" tests="1" name="TestCase.SamityAcceptance" time="27.508" errors="0" timestamp="2024-02-15T16:25:52 BDT" skipped="0">
  <testcase classname="TestCase.SamityAcceptance" name="NewSamityNameApproval" time="27.508"/>
  <system-out/>
</testsuite> <!-- TestCase.SamityAcceptance -->
