<?xml version="1.0" encoding="UTF-8"?>
<!-- Generated by org.testng.reporters.JUnitReportReporter -->
<testsuite hostname="DESKTOP-Q15J7MR" failures="0" tests="1" name="TestCase.LoginBaboharkari" time="10.133" errors="0" timestamp="2024-02-04T16:02:39 BDT" skipped="0">
  <testcase classname="TestCase.LoginBaboharkari" name="Baboharkarilogin" time="10.133"/>
  <system-out/>
</testsuite> <!-- TestCase.LoginBaboharkari -->
