<?xml version="1.0" encoding="UTF-8"?>
<!-- Generated by org.testng.reporters.JUnitReportReporter -->
<testsuite hostname="DESKTOP-Q15J7MR" failures="0" tests="1" name="TestCase.DuplicateNameInputValidation" time="30.062" errors="0" timestamp="2024-02-13T18:42:47 BDT" skipped="0">
  <testcase classname="TestCase.DuplicateNameInputValidation" name="DupNameApproval" time="30.062"/>
  <system-out/>
</testsuite> <!-- TestCase.DuplicateNameInputValidation -->
