<?xml version="1.0" encoding="UTF-8"?>
<!-- Generated by org.testng.reporters.JUnitReportReporter -->
<testsuite hostname="DESKTOP-Q15J7MR" failures="0" tests="1" name="TestCase.SamityNibondhonPage1Te" time="23.308" errors="0" timestamp="2024-02-08T12:48:04 BDT" skipped="0">
  <testcase classname="TestCase.SamityNibondhonPage1Te" name="logged" time="23.308"/>
  <system-out/>
</testsuite> <!-- TestCase.SamityNibondhonPage1Te -->
