<?xml version="1.0" encoding="UTF-8"?>
<!-- Generated by org.testng.reporters.JUnitReportReporter -->
<testsuite hostname="DESKTOP-Q15J7MR" failures="0" tests="1" name="TestCase.LoginUser" time="7.637" errors="0" timestamp="2024-01-31T17:03:20 BDT" skipped="0">
  <testcase classname="TestCase.LoginUser" name="User" time="7.637"/>
  <system-out/>
</testsuite> <!-- TestCase.LoginUser -->
