<?xml version="1.0" encoding="UTF-8"?>
<!-- Generated by org.testng.reporters.JUnitReportReporter -->
<testsuite hostname="DESKTOP-Q15J7MR" failures="0" tests="1" name="TestCase.NameClearanceTest" time="28.034" errors="0" timestamp="2024-04-15T10:19:41 BDT" skipped="0">
  <testcase classname="TestCase.NameClearanceTest" name="NameClearance" time="28.034"/>
  <system-out/>
</testsuite> <!-- TestCase.NameClearanceTest -->
